0.0,wifi
1.0,wifi
2.0,wifi
3.0,wifi
4.0,wifi
5.0,wifi
6.0,wifi
7.0,wifi
8.0,wifi
9.0,wifi
10.0,wifi
11.0,wifi
12.0,wifi
13.0,wifi
14.0,wifi
15.0,wifi
16.0,wifi
17.0,wifi
18.0,wifi
19.0,wifi
20.0,wifi
21.0,wifi
22.0,wifi
23.0,wifi
24.0,wifi
25.0,wifi
26.0,wifi
27.0,wifi
28.0,wifi
29.0,wifi
30.0,wifi
31.0,wifi
32.0,wifi
33.0,wifi
34.0,wifi
35.0,wifi
36.0,wifi
37.0,wifi
38.0,wifi
39.0,wifi
40.0,wifi
41.0,wifi
42.0,wifi
43.0,wifi
44.0,wifi
45.0,wifi
46.0,wifi
47.0,wifi
48.0,wifi
49.0,wifi
50.0,wifi
51.0,wifi
52.0,wifi
53.0,wifi
54.0,wifi
55.0,wifi
56.0,wifi
57.0,wifi
58.0,wifi
59.0,wifi
60.0,wifi
61.0,wifi
62.0,wifi
63.0,wifi
64.0,wifi
65.0,wifi
66.0,wifi
67.0,wifi
68.0,wifi
69.0,wifi
70.0,wifi
71.0,wifi
72.0,wifi
73.0,wifi
74.0,wifi
75.0,wifi
76.0,wifi
77.0,wifi
78.0,wifi
79.0,wifi
80.0,wifi
81.0,wifi
82.0,wifi
83.0,wifi
84.0,wifi
85.0,wifi
86.0,wifi
87.0,wifi
88.0,wifi
89.0,wifi
90.0,wifi
91.0,wifi
92.0,wifi
93.0,wifi
94.0,wifi
95.0,wifi
96.0,wifi
97.0,wifi
98.0,wifi
99.0,wifi
